<?xml version="1.0" encoding="UTF-8"?>
<!-- Generated by org.testng.reporters.JUnitXMLReporter -->
<testsuite ignored="0" hostname="WMIN26" failures="0" tests="7" name="Default test" time="60.738" errors="0" timestamp="2023-02-02T08:48:18 IST">
  <testcase classname="dd.Insure.Tests.NextButtonTest" name="GetStartedButtonCheck" time="26.353"/>
  <testcase classname="dd.Insure.Tests.NextButtonTest" name="ApplicantTypePage" time="3.835"/>
  <testcase classname="dd.Insure.Tests.NextButtonTest" name="ProductSelect" time="3.264"/>
  <testcase classname="dd.Insure.Tests.NextButtonTest" name="NameInfoValidation" time="2.751"/>
  <testcase classname="dd.Insure.Tests.NextButtonTest" name="NameInfoValidation" time="0.158"/>
  <testcase classname="dd.Insure.Tests.NextButtonTest" name="EmailIdValidation" time="3.626"/>
  <testcase classname="dd.Insure.Tests.NextButtonTest" name="EmailIdValidation" time="0.144"/>
</testsuite> <!-- Default test -->
